============================================================
 AI Business Consultant - Rapport de tests
 Date    : 2026-04-30 22:40:37
 Python  : Python 3.12.4
 Pytest  : pytest 9.0.2
============================================================
============================= test session starts =============================
platform win32 -- Python 3.12.4, pytest-9.0.2, pluggy-1.6.0 -- C:\Users\rayen\Desktop\SMA assistant\.venv\Scripts\python.exe
cachedir: .pytest_cache
rootdir: C:\Users\rayen\Desktop\SMA assistant
configfile: pytest.ini
plugins: anyio-4.13.0, langsmith-0.7.22, asyncio-1.3.0
asyncio: mode=Mode.STRICT, debug=False, asyncio_default_fixture_loop_scope=None, asyncio_default_test_loop_scope=function
collecting ... collected 85 items

backend/tests/test_agents.py::TestCreateInitialState::test_initial_state_has_all_keys PASSED [  1%]
backend/tests/test_agents.py::TestCreateInitialState::test_initial_state_empty_collections PASSED [  2%]
backend/tests/test_agents.py::TestCreateInitialState::test_initial_state_empty_strings PASSED [  3%]
backend/tests/test_agents.py::TestCreateInitialState::test_initial_state_with_raw_data PASSED [  4%]
backend/tests/test_agents.py::TestCreateInitialState::test_initial_state_with_user_question PASSED [  5%]
backend/tests/test_agents.py::TestAnalysisAgent::test_analysis_agent_produces_kpis PASSED [  7%]
backend/tests/test_agents.py::TestAnalysisAgent::test_analysis_agent_kpis_has_finance_keys PASSED [  8%]
backend/tests/test_agents.py::TestAnalysisAgent::test_analysis_agent_kpis_has_marketing_keys PASSED [  9%]
backend/tests/test_agents.py::TestAnalysisAgent::test_analysis_agent_kpis_has_support_keys PASSED [ 10%]
backend/tests/test_agents.py::TestAnalysisAgent::test_analysis_agent_returns_full_state PASSED [ 11%]
backend/tests/test_agents.py::TestAnalysisAgent::test_analysis_agent_anomalies_is_list PASSED [ 12%]
backend/tests/test_agents.py::TestAnalysisAgent::test_analysis_agent_with_empty_raw_data PASSED [ 14%]
backend/tests/test_agents.py::TestAnalysisAgent::test_analysis_agent_errors_is_list PASSED [ 15%]
backend/tests/test_agents.py::TestPipelineWithMockedLLM::test_interpretation_agent_state_has_all_keys PASSED [ 16%]
backend/tests/test_agents.py::TestPipelineWithMockedLLM::test_kpis_not_empty_after_analysis PASSED [ 17%]
backend/tests/test_agents.py::TestPipelineWithMockedLLM::test_interpretation_agent_no_errors_with_valid_data PASSED [ 18%]
backend/tests/test_analysis.py::TestFinanceAnalyzer::test_kpis_keys_present PASSED [ 20%]
backend/tests/test_analysis.py::TestFinanceAnalyzer::test_revenue_total_correct PASSED [ 21%]
backend/tests/test_analysis.py::TestFinanceAnalyzer::test_profit_total_correct PASSED [ 22%]
backend/tests/test_analysis.py::TestFinanceAnalyzer::test_profit_margin_between_0_and_100 PASSED [ 23%]
backend/tests/test_analysis.py::TestFinanceAnalyzer::test_best_month_is_highest_profit PASSED [ 24%]
backend/tests/test_analysis.py::TestFinanceAnalyzer::test_worst_month_is_lowest_profit PASSED [ 25%]
backend/tests/test_analysis.py::TestFinanceAnalyzer::test_trend_values_are_valid PASSED [ 27%]
backend/tests/test_analysis.py::TestFinanceAnalyzer::test_trend_hausse_on_increasing_data PASSED [ 28%]
backend/tests/test_analysis.py::TestFinanceAnalyzer::test_trend_baisse_on_decreasing_data PASSED [ 29%]
backend/tests/test_analysis.py::TestFinanceAnalyzer::test_revenue_volatility_is_positive PASSED [ 30%]
backend/tests/test_analysis.py::TestFinanceAnalyzer::test_missing_column_raises_value_error PASSED [ 31%]
backend/tests/test_analysis.py::TestFinanceAnalyzer::test_single_row_does_not_crash PASSED [ 32%]
backend/tests/test_analysis.py::TestFinanceAnalyzer::test_zero_revenue_does_not_divide_by_zero PASSED [ 34%]
backend/tests/test_analysis.py::TestMarketingAnalyzer::test_kpis_keys_present PASSED [ 35%]
backend/tests/test_analysis.py::TestMarketingAnalyzer::test_total_budget_correct PASSED [ 36%]
backend/tests/test_analysis.py::TestMarketingAnalyzer::test_total_conversions_correct PASSED [ 37%]
backend/tests/test_analysis.py::TestMarketingAnalyzer::test_best_channel_is_email PASSED [ 38%]
backend/tests/test_analysis.py::TestMarketingAnalyzer::test_roi_by_channel_is_dict PASSED [ 40%]
backend/tests/test_analysis.py::TestMarketingAnalyzer::test_cost_per_conversion_positive PASSED [ 41%]
backend/tests/test_analysis.py::TestMarketingAnalyzer::test_avg_conversion_rate_between_0_and_100 PASSED [ 42%]
backend/tests/test_analysis.py::TestMarketingAnalyzer::test_missing_column_raises_value_error PASSED [ 43%]
backend/tests/test_analysis.py::TestMarketingAnalyzer::test_zero_clicks_does_not_crash PASSED [ 44%]
backend/tests/test_analysis.py::TestSupportAnalyzer::test_kpis_keys_present PASSED [ 45%]
backend/tests/test_analysis.py::TestSupportAnalyzer::test_avg_satisfaction_between_1_and_5 PASSED [ 47%]
backend/tests/test_analysis.py::TestSupportAnalyzer::test_avg_satisfaction_correct PASSED [ 48%]
backend/tests/test_analysis.py::TestSupportAnalyzer::test_high_churn_rate_correct PASSED [ 49%]
backend/tests/test_analysis.py::TestSupportAnalyzer::test_top_issue_type_is_billing PASSED [ 50%]
backend/tests/test_analysis.py::TestSupportAnalyzer::test_sla_compliance_between_0_and_100 PASSED [ 51%]
backend/tests/test_analysis.py::TestSupportAnalyzer::test_sla_compliance_correct PASSED [ 52%]
backend/tests/test_analysis.py::TestSupportAnalyzer::test_satisfaction_trend_is_valid PASSED [ 54%]
backend/tests/test_analysis.py::TestSupportAnalyzer::test_missing_column_raises_value_error PASSED [ 55%]
backend/tests/test_analysis.py::TestAnomalyDetector::test_no_anomalies_on_uniform_data PASSED [ 56%]
backend/tests/test_analysis.py::TestAnomalyDetector::test_detects_obvious_high_anomaly PASSED [ 57%]
backend/tests/test_analysis.py::TestAnomalyDetector::test_anomaly_dict_has_required_keys PASSED [ 58%]
backend/tests/test_analysis.py::TestAnomalyDetector::test_anomaly_type_is_high_or_low PASSED [ 60%]
backend/tests/test_analysis.py::TestAnomalyDetector::test_multiple_datasets_processed PASSED [ 61%]
backend/tests/test_analysis.py::TestAnomalyDetector::test_low_anomaly_detected PASSED [ 62%]
backend/tests/test_analysis.py::TestAnomalyDetector::test_empty_dataframe_does_not_crash PASSED [ 63%]
backend/tests/test_rag.py::TestRetrieverStructure::test_returns_list PASSED [ 64%]
backend/tests/test_rag.py::TestRetrieverStructure::test_returns_top_k_results PASSED [ 65%]
backend/tests/test_rag.py::TestRetrieverStructure::test_custom_k_respected PASSED [ 67%]
backend/tests/test_rag.py::TestRetrieverStructure::test_result_has_required_keys PASSED [ 68%]
backend/tests/test_rag.py::TestRetrieverStructure::test_page_content_is_non_empty_string PASSED [ 69%]
backend/tests/test_rag.py::TestRetrieverStructure::test_score_between_0_and_1 PASSED [ 70%]
backend/tests/test_rag.py::TestRetrieverStructure::test_source_is_known_guide PASSED [ 71%]
backend/tests/test_rag.py::TestRetrieverRelevance::test_finance_query_returns_finance_guide PASSED [ 72%]
backend/tests/test_rag.py::TestRetrieverRelevance::test_rh_query_returns_rh_guide PASSED [ 74%]
backend/tests/test_rag.py::TestRetrieverRelevance::test_logistique_query_returns_logistique_guide PASSED [ 75%]
backend/tests/test_rag.py::TestRetrieverRelevance::test_results_are_ordered_by_score_desc PASSED [ 76%]
backend/tests/test_rag.py::TestRetrieverRelevance::test_different_queries_return_different_results PASSED [ 77%]
backend/tests/test_rag.py::TestRetrieverRobustness::test_empty_query_does_not_crash PASSED [ 78%]
backend/tests/test_rag.py::TestRetrieverRobustness::test_very_long_query_does_not_crash PASSED [ 80%]
backend/tests/test_rag.py::TestRetrieverRobustness::test_arabic_query_does_not_crash PASSED [ 81%]
backend/tests/test_routes.py::TestHealthRoute::test_health_returns_200 PASSED [ 82%]
backend/tests/test_routes.py::TestHealthRoute::test_health_response_has_status_key PASSED [ 83%]
backend/tests/test_routes.py::TestHealthRoute::test_health_content_type_is_json PASSED [ 84%]
backend/tests/test_routes.py::TestUploadRoute::test_upload_valid_finance_csv_returns_200 PASSED [ 85%]
backend/tests/test_routes.py::TestUploadRoute::test_upload_valid_csv_response_has_filename PASSED [ 87%]
backend/tests/test_routes.py::TestUploadRoute::test_upload_valid_csv_response_has_rows PASSED [ 88%]
backend/tests/test_routes.py::TestUploadRoute::test_upload_valid_csv_response_has_file_type PASSED [ 89%]
backend/tests/test_routes.py::TestUploadRoute::test_upload_non_csv_file_returns_error PASSED [ 90%]
backend/tests/test_routes.py::TestUploadRoute::test_upload_empty_csv_returns_error PASSED [ 91%]
backend/tests/test_routes.py::TestUploadRoute::test_upload_marketing_csv_detected_correctly PASSED [ 92%]
backend/tests/test_routes.py::TestAnalyzeRoute::test_analyze_returns_200 PASSED [ 94%]
backend/tests/test_routes.py::TestAnalyzeRoute::test_analyze_response_has_kpis PASSED [ 95%]
backend/tests/test_routes.py::TestAnalyzeRoute::test_analyze_response_has_success_field PASSED [ 96%]
backend/tests/test_routes.py::TestAnalyzeRoute::test_analyze_invalid_body_returns_422 PASSED [ 97%]
backend/tests/test_routes.py::TestReportRoute::test_report_returns_200_or_404 PASSED [ 98%]
backend/tests/test_routes.py::TestReportRoute::test_report_200_has_expected_structure PASSED [100%]

============================= 85 passed in 35.44s =============================
